  ICS12Game.cpp
c:\users\azsza\onedrive\vs\source\repos\ics12game\ics12game\declarations.h(35): warning C4244: 'return': conversion from 'double' to 'float', possible loss of data
c:\users\azsza\onedrive\vs\source\repos\ics12game\ics12game\declarations.h(43): warning C4244: 'return': conversion from 'double' to 'int', possible loss of data
c:\users\azsza\onedrive\vs\source\repos\ics12game\ics12game\declarations.h(75): warning C4244: 'return': conversion from 'double' to 'float', possible loss of data
c:\users\azsza\onedrive\vs\source\repos\ics12game\ics12game\gamedeclarations.h(17): warning C4244: 'initializing': conversion from 'float' to 'int', possible loss of data
c:\users\azsza\onedrive\vs\source\repos\ics12game\ics12game\gamedeclarations.h(17): warning C4244: 'initializing': conversion from 'float' to 'const int', possible loss of data
c:\users\azsza\onedrive\vs\source\repos\ics12game\ics12game\gamedeclarations.h(18): warning C4244: 'initializing': conversion from 'float' to 'int', possible loss of data
c:\users\azsza\onedrive\vs\source\repos\ics12game\ics12game\gamedeclarations.h(18): warning C4244: 'initializing': conversion from 'float' to 'const int', possible loss of data
c:\users\azsza\onedrive\vs\source\repos\ics12game\ics12game\gamedeclarations.h(19): warning C4244: 'initializing': conversion from 'double' to 'int', possible loss of data
c:\users\azsza\onedrive\vs\source\repos\ics12game\ics12game\gamedeclarations.h(19): warning C4244: 'initializing': conversion from 'double' to 'const int', possible loss of data
c:\users\azsza\onedrive\vs\source\repos\ics12game\ics12game\gamedeclarations.h(27): warning C4244: 'argument': conversion from 'float' to 'int', possible loss of data
c:\users\azsza\onedrive\vs\source\repos\ics12game\ics12game\gamedeclarations.h(33): warning C4305: 'initializing': truncation from 'double' to 'float'
c:\users\azsza\onedrive\vs\source\repos\ics12game\ics12game\object.h(24): warning C4244: '=': conversion from 'int' to 'float', possible loss of data
c:\users\azsza\onedrive\vs\source\repos\ics12game\ics12game\object.h(66): warning C4244: 'argument': conversion from 'float' to 'int', possible loss of data
c:\users\azsza\onedrive\vs\source\repos\ics12game\ics12game\entity.h(50): warning C4244: 'argument': conversion from 'double' to 'float', possible loss of data
c:\users\azsza\onedrive\vs\source\repos\ics12game\ics12game\entity.h(49): warning C4244: 'argument': conversion from 'double' to 'float', possible loss of data
c:\users\azsza\onedrive\vs\source\repos\ics12game\ics12game\entity.h(55): warning C4244: 'argument': conversion from 'double' to 'float', possible loss of data
c:\users\azsza\onedrive\vs\source\repos\ics12game\ics12game\entity.h(54): warning C4244: 'argument': conversion from 'double' to 'float', possible loss of data
c:\users\azsza\onedrive\vs\source\repos\ics12game\ics12game\camera.h(68): warning C4244: 'initializing': conversion from 'double' to 'int', possible loss of data
c:\users\azsza\onedrive\vs\source\repos\ics12game\ics12game\camera.h(76): warning C4244: 'argument': conversion from 'double' to 'float', possible loss of data
c:\users\azsza\onedrive\vs\source\repos\ics12game\ics12game\camera.h(79): warning C4244: 'argument': conversion from 'double' to 'float', possible loss of data
c:\users\azsza\onedrive\vs\source\repos\ics12game\ics12game\camera.h(104): warning C4244: 'argument': conversion from 'double' to 'float', possible loss of data
c:\users\azsza\onedrive\vs\source\repos\ics12game\ics12game\item.h(126): warning C4244: 'argument': conversion from 'double' to 'float', possible loss of data
c:\users\azsza\onedrive\vs\source\repos\ics12game\ics12game\item.h(125): warning C4244: 'argument': conversion from 'double' to 'float', possible loss of data
c:\users\azsza\onedrive\vs\source\repos\ics12game\ics12game\itembar.h(32): warning C4244: 'argument': conversion from 'int' to 'float', possible loss of data
c:\users\azsza\onedrive\vs\source\repos\ics12game\ics12game\itembar.h(34): warning C4244: 'argument': conversion from 'int' to 'float', possible loss of data
c:\users\azsza\onedrive\vs\source\repos\ics12game\ics12game\itembar.h(37): warning C4244: 'argument': conversion from 'int' to 'float', possible loss of data
c:\users\azsza\onedrive\vs\source\repos\ics12game\ics12game\itembar.h(56): warning C4244: 'argument': conversion from 'int' to 'float', possible loss of data
c:\users\azsza\onedrive\vs\source\repos\ics12game\ics12game\itembar.h(75): warning C4244: 'argument': conversion from 'double' to 'float', possible loss of data
c:\users\azsza\onedrive\vs\source\repos\ics12game\ics12game\itembar.h(74): warning C4244: 'argument': conversion from 'double' to 'float', possible loss of data
c:\users\azsza\onedrive\vs\source\repos\ics12game\ics12game\itembar.h(76): warning C4244: 'argument': conversion from 'double' to 'float', possible loss of data
c:\users\azsza\onedrive\vs\source\repos\ics12game\ics12game\itembar.h(134): warning C4267: 'return': conversion from 'size_t' to 'int', possible loss of data
c:\users\azsza\onedrive\vs\source\repos\ics12game\ics12game\itembar.h(178): warning C4244: 'initializing': conversion from 'float' to 'int', possible loss of data
c:\users\azsza\onedrive\vs\source\repos\ics12game\ics12game\droppeditem.h(39): warning C4244: 'argument': conversion from 'double' to 'int', possible loss of data
c:\users\azsza\onedrive\vs\source\repos\ics12game\ics12game\crafting.h(65): warning C4091: 'static ': ignored on left of 'CraftingHUD::HUDLevel' when no variable is declared
c:\users\azsza\onedrive\vs\source\repos\ics12game\ics12game\crafting.h(33): warning C4244: 'argument': conversion from 'int' to 'float', possible loss of data
c:\users\azsza\onedrive\vs\source\repos\ics12game\ics12game\crafting.h(51): warning C4244: 'argument': conversion from 'int' to 'float', possible loss of data
c:\users\azsza\onedrive\vs\source\repos\ics12game\ics12game\breakable.h(68): warning C4305: '-=': truncation from 'double' to 'float'
c:\users\azsza\onedrive\vs\source\repos\ics12game\ics12game\square.h(8): warning C4244: 'argument': conversion from 'const int' to 'float', possible loss of data
c:\users\azsza\onedrive\vs\source\repos\ics12game\ics12game\chunk.h(36): warning C4244: 'argument': conversion from 'int' to 'float', possible loss of data
c:\users\azsza\onedrive\vs\source\repos\ics12game\ics12game\chunk.h(38): warning C4244: 'argument': conversion from 'int' to 'float', possible loss of data
c:\users\azsza\onedrive\vs\source\repos\ics12game\ics12game\chunk.h(38): warning C4244: 'argument': conversion from 'float' to 'const unsigned __int64', possible loss of data
c:\users\azsza\onedrive\vs\source\repos\ics12game\ics12game\chunk.h(41): warning C4244: 'argument': conversion from 'int' to 'float', possible loss of data
c:\users\azsza\onedrive\vs\source\repos\ics12game\ics12game\chunk.h(41): warning C4244: 'argument': conversion from 'float' to 'const unsigned __int64', possible loss of data
c:\users\azsza\onedrive\vs\source\repos\ics12game\ics12game\chunk.h(43): warning C4244: 'argument': conversion from 'int' to 'float', possible loss of data
c:\users\azsza\onedrive\vs\source\repos\ics12game\ics12game\chunk.h(76): warning C4244: 'argument': conversion from 'int' to 'float', possible loss of data
c:\users\azsza\onedrive\vs\source\repos\ics12game\ics12game\mob.h(41): warning C4244: 'argument': conversion from 'double' to 'float', possible loss of data
c:\users\azsza\onedrive\vs\source\repos\ics12game\ics12game\mob.h(46): warning C4244: 'argument': conversion from 'double' to 'int', possible loss of data
c:\users\azsza\onedrive\vs\source\repos\ics12game\ics12game\mob.h(58): warning C4244: 'initializing': conversion from 'double' to 'float', possible loss of data
c:\users\azsza\onedrive\vs\source\repos\ics12game\ics12game\mob.h(65): warning C4244: '=': conversion from 'double' to 'float', possible loss of data
c:\users\azsza\onedrive\vs\source\repos\ics12game\ics12game\mob.h(66): warning C4244: '=': conversion from 'double' to 'float', possible loss of data
c:\users\azsza\onedrive\vs\source\repos\ics12game\ics12game\mob.h(70): warning C4244: '=': conversion from 'double' to 'float', possible loss of data
c:\users\azsza\onedrive\vs\source\repos\ics12game\ics12game\mob.h(71): warning C4244: '=': conversion from 'double' to 'float', possible loss of data
c:\users\azsza\onedrive\vs\source\repos\ics12game\ics12game\mob.h(75): warning C4244: '=': conversion from 'double' to 'float', possible loss of data
c:\users\azsza\onedrive\vs\source\repos\ics12game\ics12game\mob.h(76): warning C4244: '=': conversion from 'double' to 'float', possible loss of data
c:\users\azsza\onedrive\vs\source\repos\ics12game\ics12game\mob.h(94): warning C4244: '=': conversion from 'double' to 'float', possible loss of data
c:\users\azsza\onedrive\vs\source\repos\ics12game\ics12game\mob.h(95): warning C4244: '=': conversion from 'double' to 'float', possible loss of data
c:\users\azsza\onedrive\vs\source\repos\ics12game\ics12game\mob.h(99): warning C4244: '=': conversion from 'double' to 'float', possible loss of data
c:\users\azsza\onedrive\vs\source\repos\ics12game\ics12game\mob.h(100): warning C4244: '=': conversion from 'double' to 'float', possible loss of data
c:\users\azsza\onedrive\vs\source\repos\ics12game\ics12game\mob.h(104): warning C4244: '=': conversion from 'double' to 'float', possible loss of data
c:\users\azsza\onedrive\vs\source\repos\ics12game\ics12game\mob.h(105): warning C4244: '=': conversion from 'double' to 'float', possible loss of data
c:\users\azsza\onedrive\vs\source\repos\ics12game\ics12game\mob.h(111): warning C4244: 'argument': conversion from 'const int' to 'float', possible loss of data
c:\users\azsza\onedrive\vs\source\repos\ics12game\ics12game\mob.h(168): warning C4244: '=': conversion from 'double' to 'float', possible loss of data
c:\users\azsza\onedrive\vs\source\repos\ics12game\ics12game\mob.h(179): warning C4244: 'argument': conversion from 'double' to 'float', possible loss of data
c:\users\azsza\onedrive\vs\source\repos\ics12game\ics12game\mob.h(184): warning C4244: 'argument': conversion from 'float' to 'int', possible loss of data
c:\users\azsza\onedrive\vs\source\repos\ics12game\ics12game\mob.h(188): warning C4244: 'argument': conversion from 'float' to 'int', possible loss of data
c:\users\azsza\onedrive\vs\source\repos\ics12game\ics12game\mob.h(187): warning C4244: 'argument': conversion from 'float' to 'int', possible loss of data
c:\users\azsza\onedrive\vs\source\repos\ics12game\ics12game\mob.h(211): warning C4305: 'argument': truncation from 'double' to 'float'
c:\users\azsza\onedrive\vs\source\repos\ics12game\ics12game\player.h(170): warning C4305: 'argument': truncation from 'double' to 'float'
c:\users\azsza\onedrive\vs\source\repos\ics12game\ics12game\player.h(16): warning C4244: 'argument': conversion from 'int' to 'float', possible loss of data
c:\users\azsza\onedrive\vs\source\repos\ics12game\ics12game\player.h(92): warning C4244: 'argument': conversion from 'double' to 'float', possible loss of data
c:\users\azsza\onedrive\vs\source\repos\ics12game\ics12game\player.h(99): warning C4244: 'argument': conversion from 'double' to 'int', possible loss of data
c:\users\azsza\onedrive\vs\source\repos\ics12game\ics12game\player.h(122): warning C4244: 'initializing': conversion from 'float' to 'int', possible loss of data
c:\users\azsza\onedrive\vs\source\repos\ics12game\ics12game\player.h(213): warning C4244: '=': conversion from 'double' to 'float', possible loss of data
c:\users\azsza\onedrive\vs\source\repos\ics12game\ics12game\player.h(267): warning C4244: 'argument': conversion from 'double' to 'float', possible loss of data
c:\users\azsza\onedrive\vs\source\repos\ics12game\ics12game\player.h(281): warning C4244: 'argument': conversion from 'int' to 'float', possible loss of data
c:\users\azsza\onedrive\vs\source\repos\ics12game\ics12game\player.h(280): warning C4244: 'argument': conversion from 'int' to 'float', possible loss of data
c:\users\azsza\onedrive\vs\source\repos\ics12game\ics12game\player.h(282): warning C4244: 'argument': conversion from 'float' to 'int', possible loss of data
c:\users\azsza\onedrive\vs\source\repos\ics12game\ics12game\player.h(283): warning C4244: 'argument': conversion from 'float' to 'int', possible loss of data
c:\users\azsza\onedrive\vs\source\repos\ics12game\ics12game\player.h(284): warning C4244: 'initializing': conversion from 'double' to 'float', possible loss of data
c:\users\azsza\onedrive\vs\source\repos\ics12game\ics12game\worldgeneration.h(14): warning C4244: 'argument': conversion from 'int' to 'float', possible loss of data
c:\users\azsza\onedrive\vs\source\repos\ics12game\ics12game\gamesetup.h(30): warning C4244: 'argument': conversion from 'int' to 'float', possible loss of data
c:\users\azsza\onedrive\vs\source\repos\ics12game\ics12game\gamedraw.h(18): warning C4244: '=': conversion from 'float' to 'int', possible loss of data
c:\users\azsza\onedrive\vs\source\repos\ics12game\ics12game\gamedraw.h(20): warning C4244: '=': conversion from 'float' to 'int', possible loss of data
c:\users\azsza\onedrive\vs\source\repos\ics12game\ics12game\ics12game.cpp(27): warning C4244: 'argument': conversion from 'double' to 'float', possible loss of data
  Generating code
  1 of 2358 functions (<0.1%) were compiled, the rest were copied from previous compilation.
    0 functions were new in current compilation
    1 functions had inline decision re-evaluated but remain unchanged
  Finished generating code
  ICS12Game.vcxproj -> C:\Users\azsza\OneDrive\vs\source\repos\ICS12Game\x64\Release\ICS12Game.exe
