  ICS12Game.cpp
c:\users\azsza\onedrive\vs\source\repos\ics12game\ics12game\Declarations.h(34): warning C4244: 'return': conversion from 'double' to 'float', possible loss of data
c:\users\azsza\onedrive\vs\source\repos\ics12game\ics12game\Declarations.h(42): warning C4244: 'return': conversion from 'double' to 'int', possible loss of data
c:\users\azsza\onedrive\vs\source\repos\ics12game\ics12game\Camera.h(86): warning C4244: 'initializing': conversion from 'double' to 'int', possible loss of data
c:\users\azsza\onedrive\vs\source\repos\ics12game\ics12game\Camera.h(95): warning C4244: '-=': conversion from 'double' to 'float', possible loss of data
c:\users\azsza\onedrive\vs\source\repos\ics12game\ics12game\Camera.h(96): warning C4244: '+=': conversion from 'double' to 'float', possible loss of data
c:\users\azsza\onedrive\vs\source\repos\ics12game\ics12game\Camera.h(99): warning C4244: '-=': conversion from 'double' to 'float', possible loss of data
c:\users\azsza\onedrive\vs\source\repos\ics12game\ics12game\Camera.h(100): warning C4244: '+=': conversion from 'double' to 'float', possible loss of data
c:\users\azsza\onedrive\vs\source\repos\ics12game\ics12game\Camera.h(103): warning C4244: 'argument': conversion from 'double' to 'float', possible loss of data
c:\users\azsza\onedrive\vs\source\repos\ics12game\ics12game\Camera.h(128): warning C4244: 'argument': conversion from 'double' to 'float', possible loss of data
c:\users\azsza\onedrive\vs\source\repos\ics12game\ics12game\ItemBar.h(57): warning C4244: 'argument': conversion from 'int' to 'float', possible loss of data
c:\users\azsza\onedrive\vs\source\repos\ics12game\ics12game\ItemBar.h(59): warning C4244: 'argument': conversion from 'int' to 'float', possible loss of data
c:\users\azsza\onedrive\vs\source\repos\ics12game\ics12game\ItemBar.h(62): warning C4244: 'argument': conversion from 'int' to 'float', possible loss of data
c:\users\azsza\onedrive\vs\source\repos\ics12game\ics12game\ItemBar.h(82): warning C4244: 'argument': conversion from 'int' to 'float', possible loss of data
c:\users\azsza\onedrive\vs\source\repos\ics12game\ics12game\ItemBar.h(101): warning C4244: 'argument': conversion from 'double' to 'float', possible loss of data
c:\users\azsza\onedrive\vs\source\repos\ics12game\ics12game\ItemBar.h(100): warning C4244: 'argument': conversion from 'double' to 'float', possible loss of data
c:\users\azsza\onedrive\vs\source\repos\ics12game\ics12game\ItemBar.h(102): warning C4244: 'argument': conversion from 'double' to 'float', possible loss of data
c:\users\azsza\onedrive\vs\source\repos\ics12game\ics12game\ItemBar.h(156): warning C4267: 'return': conversion from 'size_t' to 'int', possible loss of data
c:\users\azsza\onedrive\vs\source\repos\ics12game\ics12game\ItemBar.h(190): warning C4244: 'initializing': conversion from 'float' to 'int', possible loss of data
c:\users\azsza\onedrive\vs\source\repos\ics12game\ics12game\Player.h(100): warning C4305: 'argument': truncation from 'double' to 'float'
c:\users\azsza\onedrive\vs\source\repos\ics12game\ics12game\Player.h(15): warning C4244: 'argument': conversion from 'int' to 'float', possible loss of data
c:\users\azsza\onedrive\vs\source\repos\ics12game\ics12game\Player.h(153): warning C4244: '=': conversion from 'double' to 'float', possible loss of data
c:\users\azsza\onedrive\vs\source\repos\ics12game\ics12game\Player.h(200): warning C4244: '=': conversion from 'const int' to 'float', possible loss of data
c:\users\azsza\onedrive\vs\source\repos\ics12game\ics12game\Player.h(202): warning C4244: '=': conversion from 'const int' to 'float', possible loss of data
c:\users\azsza\onedrive\vs\source\repos\ics12game\ics12game\Player.h(219): warning C4244: 'argument': conversion from 'double' to 'float', possible loss of data
c:\users\azsza\onedrive\vs\source\repos\ics12game\ics12game\CollidableObject.h(12): warning C4244: 'initializing': conversion from 'double' to 'float', possible loss of data
c:\users\azsza\onedrive\vs\source\repos\ics12game\ics12game\CollidableObject.h(19): warning C4244: '=': conversion from 'double' to 'float', possible loss of data
c:\users\azsza\onedrive\vs\source\repos\ics12game\ics12game\CollidableObject.h(20): warning C4244: '=': conversion from 'double' to 'float', possible loss of data
c:\users\azsza\onedrive\vs\source\repos\ics12game\ics12game\CollidableObject.h(24): warning C4244: '=': conversion from 'double' to 'float', possible loss of data
c:\users\azsza\onedrive\vs\source\repos\ics12game\ics12game\CollidableObject.h(25): warning C4244: '=': conversion from 'double' to 'float', possible loss of data
c:\users\azsza\onedrive\vs\source\repos\ics12game\ics12game\CollidableObject.h(29): warning C4244: '=': conversion from 'double' to 'float', possible loss of data
c:\users\azsza\onedrive\vs\source\repos\ics12game\ics12game\CollidableObject.h(30): warning C4244: '=': conversion from 'double' to 'float', possible loss of data
c:\users\azsza\onedrive\vs\source\repos\ics12game\ics12game\WorldGeneration.h(9): warning C4244: 'initializing': conversion from 'float' to 'int', possible loss of data
  Generating code
  0 of 1103 functions ( 0.0%) were compiled, the rest were copied from previous compilation.
    0 functions were new in current compilation
    0 functions had inline decision re-evaluated but remain unchanged
  Finished generating code
  ICS12Game.vcxproj -> C:\Users\azsza\OneDrive\vs\source\repos\ICS12Game\x64\Release\ICS12Game.exe
